This is pdfTeX, Version 3.14159265-2.6-1.40.21 (TeX Live 2020/W32TeX) (preloaded format=pdflatex 2021.3.25)  29 JAN 2022 14:31
entering extended mode
 restricted \write18 enabled.
 %&-line parsing enabled.
**Homework1_PDF.tex
(./Homework1_PDF.tex
LaTeX2e <2020-10-01> patch level 4
L3 programming layer <2021-02-18>
(c:/Users/daniel.carpenter/AppData/Roaming/TinyTeX/texmf-dist/tex/latex/base/ar
ticle.cls
Document Class: article 2020/04/10 v1.4m Standard LaTeX document class

(c:/Users/daniel.carpenter/AppData/Roaming/TinyTeX/texmf-dist/tex/latex/base/si
ze12.clo
File: size12.clo 2020/04/10 v1.4m Standard LaTeX file (size option)
)
\c@part=\count179
\c@section=\count180
\c@subsection=\count181
\c@subsubsection=\count182
\c@paragraph=\count183
\c@subparagraph=\count184
\c@figure=\count185
\c@table=\count186
\abovecaptionskip=\skip47
\belowcaptionskip=\skip48
\bibindent=\dimen138
)
(c:/Users/daniel.carpenter/AppData/Roaming/TinyTeX/texmf-dist/tex/latex/amsmath
/amsmath.sty
Package: amsmath 2020/09/23 v2.17i AMS math features
\@mathmargin=\skip49
For additional information on amsmath, use the `?' option.

(c:/Users/daniel.carpenter/AppData/Roaming/TinyTeX/texmf-dist/tex/latex/amsmath
/amstext.sty
Package: amstext 2000/06/29 v2.01 AMS text

(c:/Users/daniel.carpenter/AppData/Roaming/TinyTeX/texmf-dist/tex/latex/amsmath
/amsgen.sty
File: amsgen.sty 1999/11/30 v2.0 generic functions
\@emptytoks=\toks15
\ex@=\dimen139
))
(c:/Users/daniel.carpenter/AppData/Roaming/TinyTeX/texmf-dist/tex/latex/amsmath
/amsbsy.sty
Package: amsbsy 1999/11/29 v1.2d Bold Symbols
\pmbraise@=\dimen140
)
(c:/Users/daniel.carpenter/AppData/Roaming/TinyTeX/texmf-dist/tex/latex/amsmath
/amsopn.sty
Package: amsopn 2016/03/08 v2.02 operator names
)
\inf@bad=\count187
LaTeX Info: Redefining \frac on input line 234.
\uproot@=\count188
\leftroot@=\count189
LaTeX Info: Redefining \overline on input line 399.
\classnum@=\count190
\DOTSCASE@=\count191
LaTeX Info: Redefining \ldots on input line 496.
LaTeX Info: Redefining \dots on input line 499.
LaTeX Info: Redefining \cdots on input line 620.
\Mathstrutbox@=\box47
\strutbox@=\box48
\big@size=\dimen141
LaTeX Font Info:    Redeclaring font encoding OML on input line 743.
LaTeX Font Info:    Redeclaring font encoding OMS on input line 744.
\macc@depth=\count192
\c@MaxMatrixCols=\count193
\dotsspace@=\muskip16
\c@parentequation=\count194
\dspbrk@lvl=\count195
\tag@help=\toks16
\row@=\count196
\column@=\count197
\maxfields@=\count198
\andhelp@=\toks17
\eqnshift@=\dimen142
\alignsep@=\dimen143
\tagshift@=\dimen144
\tagwidth@=\dimen145
\totwidth@=\dimen146
\lineht@=\dimen147
\@envbody=\toks18
\multlinegap=\skip50
\multlinetaggap=\skip51
\mathdisplay@stack=\toks19
LaTeX Info: Redefining \[ on input line 2923.
LaTeX Info: Redefining \] on input line 2924.
)
(c:/Users/daniel.carpenter/AppData/Roaming/TinyTeX/texmf-dist/tex/latex/amsfont
s/amssymb.sty
Package: amssymb 2013/01/14 v3.01 AMS font symbols

(c:/Users/daniel.carpenter/AppData/Roaming/TinyTeX/texmf-dist/tex/latex/amsfont
s/amsfonts.sty
Package: amsfonts 2013/01/14 v3.01 Basic AMSFonts support
\symAMSa=\mathgroup4
\symAMSb=\mathgroup5
LaTeX Font Info:    Redeclaring math symbol \hbar on input line 98.
LaTeX Font Info:    Overwriting math alphabet `\mathfrak' in version `bold'
(Font)                  U/euf/m/n --> U/euf/b/n on input line 106.
))
(c:/Users/daniel.carpenter/AppData/Roaming/TinyTeX/texmf-dist/tex/latex/lm/lmod
ern.sty
Package: lmodern 2009/10/30 v1.6 Latin Modern Fonts
LaTeX Font Info:    Overwriting symbol font `operators' in version `normal'
(Font)                  OT1/cmr/m/n --> OT1/lmr/m/n on input line 22.
LaTeX Font Info:    Overwriting symbol font `letters' in version `normal'
(Font)                  OML/cmm/m/it --> OML/lmm/m/it on input line 23.
LaTeX Font Info:    Overwriting symbol font `symbols' in version `normal'
(Font)                  OMS/cmsy/m/n --> OMS/lmsy/m/n on input line 24.
LaTeX Font Info:    Overwriting symbol font `largesymbols' in version `normal'
(Font)                  OMX/cmex/m/n --> OMX/lmex/m/n on input line 25.
LaTeX Font Info:    Overwriting symbol font `operators' in version `bold'
(Font)                  OT1/cmr/bx/n --> OT1/lmr/bx/n on input line 26.
LaTeX Font Info:    Overwriting symbol font `letters' in version `bold'
(Font)                  OML/cmm/b/it --> OML/lmm/b/it on input line 27.
LaTeX Font Info:    Overwriting symbol font `symbols' in version `bold'
(Font)                  OMS/cmsy/b/n --> OMS/lmsy/b/n on input line 28.
LaTeX Font Info:    Overwriting symbol font `largesymbols' in version `bold'
(Font)                  OMX/cmex/m/n --> OMX/lmex/m/n on input line 29.
LaTeX Font Info:    Overwriting math alphabet `\mathbf' in version `normal'
(Font)                  OT1/cmr/bx/n --> OT1/lmr/bx/n on input line 31.
LaTeX Font Info:    Overwriting math alphabet `\mathsf' in version `normal'
(Font)                  OT1/cmss/m/n --> OT1/lmss/m/n on input line 32.
LaTeX Font Info:    Overwriting math alphabet `\mathit' in version `normal'
(Font)                  OT1/cmr/m/it --> OT1/lmr/m/it on input line 33.
LaTeX Font Info:    Overwriting math alphabet `\mathtt' in version `normal'
(Font)                  OT1/cmtt/m/n --> OT1/lmtt/m/n on input line 34.
LaTeX Font Info:    Overwriting math alphabet `\mathbf' in version `bold'
(Font)                  OT1/cmr/bx/n --> OT1/lmr/bx/n on input line 35.
LaTeX Font Info:    Overwriting math alphabet `\mathsf' in version `bold'
(Font)                  OT1/cmss/bx/n --> OT1/lmss/bx/n on input line 36.
LaTeX Font Info:    Overwriting math alphabet `\mathit' in version `bold'
(Font)                  OT1/cmr/bx/it --> OT1/lmr/bx/it on input line 37.
LaTeX Font Info:    Overwriting math alphabet `\mathtt' in version `bold'
(Font)                  OT1/cmtt/m/n --> OT1/lmtt/m/n on input line 38.
)
(c:/Users/daniel.carpenter/AppData/Roaming/TinyTeX/texmf-dist/tex/generic/iftex
/ifxetex.sty
Package: ifxetex 2019/10/25 v0.7 ifxetex legacy package. Use iftex instead.

(c:/Users/daniel.carpenter/AppData/Roaming/TinyTeX/texmf-dist/tex/generic/iftex
/iftex.sty
Package: iftex 2020/03/06 v1.0d TeX engine tests
))
(c:/Users/daniel.carpenter/AppData/Roaming/TinyTeX/texmf-dist/tex/generic/iftex
/ifluatex.sty
Package: ifluatex 2019/10/25 v1.5 ifluatex legacy package. Use iftex instead.
)
(c:/Users/daniel.carpenter/AppData/Roaming/TinyTeX/texmf-dist/tex/latex/base/fo
ntenc.sty
Package: fontenc 2020/08/10 v2.0s Standard LaTeX package
LaTeX Font Info:    Trying to load font information for T1+lmr on input line 11
2.

(c:/Users/daniel.carpenter/AppData/Roaming/TinyTeX/texmf-dist/tex/latex/lm/t1lm
r.fd
File: t1lmr.fd 2009/10/30 v1.6 Font defs for Latin Modern
))
(c:/Users/daniel.carpenter/AppData/Roaming/TinyTeX/texmf-dist/tex/latex/base/in
putenc.sty
Package: inputenc 2020/08/01 v1.3d Input encoding file
\inpenc@prehook=\toks20
\inpenc@posthook=\toks21
)
(c:/Users/daniel.carpenter/AppData/Roaming/TinyTeX/texmf-dist/tex/latex/base/te
xtcomp.sty
Package: textcomp 2020/02/02 v2.0n Standard LaTeX package
)
(c:/Users/daniel.carpenter/AppData/Roaming/TinyTeX/texmf-dist/tex/latex/xcolor/
xcolor.sty
Package: xcolor 2016/05/11 v2.12 LaTeX color extensions (UK)

(c:/Users/daniel.carpenter/AppData/Roaming/TinyTeX/texmf-dist/tex/latex/graphic
s-cfg/color.cfg
File: color.cfg 2016/01/02 v1.6 sample color configuration
)
Package xcolor Info: Driver file: pdftex.def on input line 225.

(c:/Users/daniel.carpenter/AppData/Roaming/TinyTeX/texmf-dist/tex/latex/graphic
s-def/pdftex.def
File: pdftex.def 2020/10/05 v1.2a Graphics/color driver for pdftex
)
Package xcolor Info: Model `cmy' substituted by `cmy0' on input line 1348.
Package xcolor Info: Model `hsb' substituted by `rgb' on input line 1352.
Package xcolor Info: Model `RGB' extended on input line 1364.
Package xcolor Info: Model `HTML' substituted by `rgb' on input line 1366.
Package xcolor Info: Model `Hsb' substituted by `hsb' on input line 1367.
Package xcolor Info: Model `tHsb' substituted by `hsb' on input line 1368.
Package xcolor Info: Model `HSB' substituted by `hsb' on input line 1369.
Package xcolor Info: Model `Gray' substituted by `gray' on input line 1370.
Package xcolor Info: Model `wave' substituted by `hsb' on input line 1371.
)
(c:/Users/daniel.carpenter/AppData/Roaming/TinyTeX/texmf-dist/tex/latex/hyperre
f/hyperref.sty
Package: hyperref 2021-02-27 v7.00k Hypertext links for LaTeX

(c:/Users/daniel.carpenter/AppData/Roaming/TinyTeX/texmf-dist/tex/generic/ltxcm
ds/ltxcmds.sty
Package: ltxcmds 2020-05-10 v1.25 LaTeX kernel commands for general use (HO)
)
(c:/Users/daniel.carpenter/AppData/Roaming/TinyTeX/texmf-dist/tex/generic/pdfte
xcmds/pdftexcmds.sty
Package: pdftexcmds 2020-06-27 v0.33 Utility functions of pdfTeX for LuaTeX (HO
)

(c:/Users/daniel.carpenter/AppData/Roaming/TinyTeX/texmf-dist/tex/generic/infwa
rerr/infwarerr.sty
Package: infwarerr 2019/12/03 v1.5 Providing info/warning/error messages (HO)
)
Package pdftexcmds Info: \pdf@primitive is available.
Package pdftexcmds Info: \pdf@ifprimitive is available.
Package pdftexcmds Info: \pdfdraftmode found.
)
(c:/Users/daniel.carpenter/AppData/Roaming/TinyTeX/texmf-dist/tex/latex/graphic
s/keyval.sty
Package: keyval 2014/10/28 v1.15 key=value parser (DPC)
\KV@toks@=\toks22
)
(c:/Users/daniel.carpenter/AppData/Roaming/TinyTeX/texmf-dist/tex/generic/kvset
keys/kvsetkeys.sty
Package: kvsetkeys 2019/12/15 v1.18 Key value parser (HO)
)
(c:/Users/daniel.carpenter/AppData/Roaming/TinyTeX/texmf-dist/tex/generic/kvdef
inekeys/kvdefinekeys.sty
Package: kvdefinekeys 2019-12-19 v1.6 Define keys (HO)
)
(c:/Users/daniel.carpenter/AppData/Roaming/TinyTeX/texmf-dist/tex/generic/pdfes
cape/pdfescape.sty
Package: pdfescape 2019/12/09 v1.15 Implements pdfTeX's escape features (HO)
)
(c:/Users/daniel.carpenter/AppData/Roaming/TinyTeX/texmf-dist/tex/latex/hycolor
/hycolor.sty
Package: hycolor 2020-01-27 v1.10 Color options for hyperref/bookmark (HO)
)
(c:/Users/daniel.carpenter/AppData/Roaming/TinyTeX/texmf-dist/tex/latex/letltxm
acro/letltxmacro.sty
Package: letltxmacro 2019/12/03 v1.6 Let assignment for LaTeX macros (HO)
)
(c:/Users/daniel.carpenter/AppData/Roaming/TinyTeX/texmf-dist/tex/latex/auxhook
/auxhook.sty
Package: auxhook 2019-12-17 v1.6 Hooks for auxiliary files (HO)
)
(c:/Users/daniel.carpenter/AppData/Roaming/TinyTeX/texmf-dist/tex/latex/kvoptio
ns/kvoptions.sty
Package: kvoptions 2020-10-07 v3.14 Key value format for package options (HO)
)
\@linkdim=\dimen148
\Hy@linkcounter=\count199
\Hy@pagecounter=\count266

(c:/Users/daniel.carpenter/AppData/Roaming/TinyTeX/texmf-dist/tex/latex/hyperre
f/pd1enc.def
File: pd1enc.def 2021-02-27 v7.00k Hyperref: PDFDocEncoding definition (HO)
Now handling font encoding PD1 ...
... no UTF-8 mapping file for font encoding PD1
)
(c:/Users/daniel.carpenter/AppData/Roaming/TinyTeX/texmf-dist/tex/latex/hyperre
f/hyperref-langpatches.def
File: hyperref-langpatches.def 2021-02-27 v7.00k Hyperref: patches for babel la
nguages
)
(c:/Users/daniel.carpenter/AppData/Roaming/TinyTeX/texmf-dist/tex/generic/intca
lc/intcalc.sty
Package: intcalc 2019/12/15 v1.3 Expandable calculations with integers (HO)
)
(c:/Users/daniel.carpenter/AppData/Roaming/TinyTeX/texmf-dist/tex/generic/etexc
mds/etexcmds.sty
Package: etexcmds 2019/12/15 v1.7 Avoid name clashes with e-TeX commands (HO)
)
\Hy@SavedSpaceFactor=\count267

(c:/Users/daniel.carpenter/AppData/Roaming/TinyTeX/texmf-dist/tex/latex/hyperre
f/puenc.def
File: puenc.def 2021-02-27 v7.00k Hyperref: PDF Unicode definition (HO)
Now handling font encoding PU ...
... no UTF-8 mapping file for font encoding PU
)
Package hyperref Info: Option `unicode' set `true' on input line 4073.
Package hyperref Info: Hyper figures OFF on input line 4192.
Package hyperref Info: Link nesting OFF on input line 4197.
Package hyperref Info: Hyper index ON on input line 4200.
Package hyperref Info: Plain pages OFF on input line 4207.
Package hyperref Info: Backreferencing OFF on input line 4212.
Package hyperref Info: Implicit mode ON; LaTeX internals redefined.
Package hyperref Info: Bookmarks ON on input line 4445.
\c@Hy@tempcnt=\count268

(c:/Users/daniel.carpenter/AppData/Roaming/TinyTeX/texmf-dist/tex/latex/url/url
.sty
\Urlmuskip=\muskip17
Package: url 2013/09/16  ver 3.4  Verb mode for urls, etc.
)
LaTeX Info: Redefining \url on input line 4804.
\XeTeXLinkMargin=\dimen149

(c:/Users/daniel.carpenter/AppData/Roaming/TinyTeX/texmf-dist/tex/generic/bitse
t/bitset.sty
Package: bitset 2019/12/09 v1.3 Handle bit-vector datatype (HO)

(c:/Users/daniel.carpenter/AppData/Roaming/TinyTeX/texmf-dist/tex/generic/bigin
tcalc/bigintcalc.sty
Package: bigintcalc 2019/12/15 v1.5 Expandable calculations on big integers (HO
)
))
\Fld@menulength=\count269
\Field@Width=\dimen150
\Fld@charsize=\dimen151
Package hyperref Info: Hyper figures OFF on input line 6075.
Package hyperref Info: Link nesting OFF on input line 6080.
Package hyperref Info: Hyper index ON on input line 6083.
Package hyperref Info: backreferencing OFF on input line 6090.
Package hyperref Info: Link coloring OFF on input line 6095.
Package hyperref Info: Link coloring with OCG OFF on input line 6100.
Package hyperref Info: PDF/A mode OFF on input line 6105.
LaTeX Info: Redefining \ref on input line 6145.
LaTeX Info: Redefining \pageref on input line 6149.

(c:/Users/daniel.carpenter/AppData/Roaming/TinyTeX/texmf-dist/tex/latex/base/at
begshi-ltx.sty
Package: atbegshi-ltx 2020/08/17 v1.0a Emulation of the original atbegshi packa
ge
with kernel methods
)
\Hy@abspage=\count270
\c@Item=\count271
\c@Hfootnote=\count272
)
Package hyperref Info: Driver (autodetected): hpdftex.

(c:/Users/daniel.carpenter/AppData/Roaming/TinyTeX/texmf-dist/tex/latex/hyperre
f/hpdftex.def
File: hpdftex.def 2021-02-27 v7.00k Hyperref driver for pdfTeX

(c:/Users/daniel.carpenter/AppData/Roaming/TinyTeX/texmf-dist/tex/latex/base/at
veryend-ltx.sty
Package: atveryend-ltx 2020/08/19 v1.0a Emulation of the original atvery packag
e
with kernel methods
)
\Fld@listcount=\count273
\c@bookmark@seq@number=\count274

(c:/Users/daniel.carpenter/AppData/Roaming/TinyTeX/texmf-dist/tex/latex/rerunfi
lecheck/rerunfilecheck.sty
Package: rerunfilecheck 2019/12/05 v1.9 Rerun checks for auxiliary files (HO)

(c:/Users/daniel.carpenter/AppData/Roaming/TinyTeX/texmf-dist/tex/generic/uniqu
ecounter/uniquecounter.sty
Package: uniquecounter 2019/12/15 v1.4 Provide unlimited unique counter (HO)
)
Package uniquecounter Info: New unique counter `rerunfilecheck' on input line 2
86.
)
\Hy@SectionHShift=\skip52
)
(c:/Users/daniel.carpenter/AppData/Roaming/TinyTeX/texmf-dist/tex/latex/geometr
y/geometry.sty
Package: geometry 2020/01/02 v5.9 Page Geometry

(c:/Users/daniel.carpenter/AppData/Roaming/TinyTeX/texmf-dist/tex/generic/iftex
/ifvtex.sty
Package: ifvtex 2019/10/25 v1.7 ifvtex legacy package. Use iftex instead.
)
\Gm@cnth=\count275
\Gm@cntv=\count276
\c@Gm@tempcnt=\count277
\Gm@bindingoffset=\dimen152
\Gm@wd@mp=\dimen153
\Gm@odd@mp=\dimen154
\Gm@even@mp=\dimen155
\Gm@layoutwidth=\dimen156
\Gm@layoutheight=\dimen157
\Gm@layouthoffset=\dimen158
\Gm@layoutvoffset=\dimen159
\Gm@dimlist=\toks23
)
(c:/Users/daniel.carpenter/AppData/Roaming/TinyTeX/texmf-dist/tex/latex/graphic
s/graphicx.sty
Package: graphicx 2020/09/09 v1.2b Enhanced LaTeX Graphics (DPC,SPQR)

(c:/Users/daniel.carpenter/AppData/Roaming/TinyTeX/texmf-dist/tex/latex/graphic
s/graphics.sty
Package: graphics 2020/08/30 v1.4c Standard LaTeX Graphics (DPC,SPQR)

(c:/Users/daniel.carpenter/AppData/Roaming/TinyTeX/texmf-dist/tex/latex/graphic
s/trig.sty
Package: trig 2016/01/03 v1.10 sin cos tan (DPC)
)
(c:/Users/daniel.carpenter/AppData/Roaming/TinyTeX/texmf-dist/tex/latex/graphic
s-cfg/graphics.cfg
File: graphics.cfg 2016/06/04 v1.11 sample graphics configuration
)
Package graphics Info: Driver file: pdftex.def on input line 105.
)
\Gin@req@height=\dimen160
\Gin@req@width=\dimen161
)
(c:/Users/daniel.carpenter/AppData/Roaming/TinyTeX/texmf-dist/tex/latex/l3backe
nd/l3backend-pdftex.def
File: l3backend-pdftex.def 2021-03-18 L3 backend support: PDF output (pdfTeX)
\l__color_backend_stack_int=\count278
\l__pdf_internal_box=\box49
) (./Homework1_PDF.aux)
\openout1 = `Homework1_PDF.aux'.

LaTeX Font Info:    Checking defaults for OML/cmm/m/it on input line 71.
LaTeX Font Info:    ... okay on input line 71.
LaTeX Font Info:    Checking defaults for OMS/cmsy/m/n on input line 71.
LaTeX Font Info:    ... okay on input line 71.
LaTeX Font Info:    Checking defaults for OT1/cmr/m/n on input line 71.
LaTeX Font Info:    ... okay on input line 71.
LaTeX Font Info:    Checking defaults for T1/cmr/m/n on input line 71.
LaTeX Font Info:    ... okay on input line 71.
LaTeX Font Info:    Checking defaults for TS1/cmr/m/n on input line 71.
LaTeX Font Info:    ... okay on input line 71.
LaTeX Font Info:    Checking defaults for OMX/cmex/m/n on input line 71.
LaTeX Font Info:    ... okay on input line 71.
LaTeX Font Info:    Checking defaults for U/cmr/m/n on input line 71.
LaTeX Font Info:    ... okay on input line 71.
LaTeX Font Info:    Checking defaults for PD1/pdf/m/n on input line 71.
LaTeX Font Info:    ... okay on input line 71.
LaTeX Font Info:    Checking defaults for PU/pdf/m/n on input line 71.
LaTeX Font Info:    ... okay on input line 71.

(c:/Users/daniel.carpenter/AppData/Roaming/TinyTeX/texmf-dist/tex/latex/epstopd
f-pkg/epstopdf-base.sty
Package: epstopdf-base 2020-01-24 v2.11 Base part for package epstopdf
Package epstopdf-base Info: Redefining graphics rule for `.eps' on input line 4
85.

(c:/Users/daniel.carpenter/AppData/Roaming/TinyTeX/texmf-dist/tex/latex/latexco
nfig/epstopdf-sys.cfg
File: epstopdf-sys.cfg 2010/07/13 v1.3 Configuration of (r)epstopdf for TeX Liv
e
))
Package hyperref Info: Link coloring OFF on input line 71.

(c:/Users/daniel.carpenter/AppData/Roaming/TinyTeX/texmf-dist/tex/latex/hyperre
f/nameref.sty
Package: nameref 2021-04-02 v2.47 Cross-referencing by name of section

(c:/Users/daniel.carpenter/AppData/Roaming/TinyTeX/texmf-dist/tex/latex/refcoun
t/refcount.sty
Package: refcount 2019/12/15 v3.6 Data extraction from label references (HO)
)
(c:/Users/daniel.carpenter/AppData/Roaming/TinyTeX/texmf-dist/tex/generic/getti
tlestring/gettitlestring.sty
Package: gettitlestring 2019/12/15 v1.6 Cleanup title references (HO)
)
\c@section@level=\count279
)
LaTeX Info: Redefining \ref on input line 71.
LaTeX Info: Redefining \pageref on input line 71.
LaTeX Info: Redefining \nameref on input line 71.
(./Homework1_PDF.out) (./Homework1_PDF.out)
\@outlinefile=\write3
\openout3 = `Homework1_PDF.out'.

*geometry* driver: auto-detecting
*geometry* detected driver: pdftex
*geometry* verbose mode - [ preamble ] result:
* driver: pdftex
* paper: <default>
* layout: <same size as paper>
* layoutoffset:(h,v)=(0.0pt,0.0pt)
* modes: 
* h-part:(L,W,R)=(72.26999pt, 469.75502pt, 72.26999pt)
* v-part:(T,H,B)=(72.26999pt, 650.43001pt, 72.26999pt)
* \paperwidth=614.295pt
* \paperheight=794.96999pt
* \textwidth=469.75502pt
* \textheight=650.43001pt
* \oddsidemargin=0.0pt
* \evensidemargin=0.0pt
* \topmargin=-37.0pt
* \headheight=12.0pt
* \headsep=25.0pt
* \topskip=12.0pt
* \footskip=30.0pt
* \marginparwidth=44.0pt
* \marginparsep=10.0pt
* \columnsep=10.0pt
* \skip\footins=10.8pt plus 4.0pt minus 2.0pt
* \hoffset=0.0pt
* \voffset=0.0pt
* \mag=1000
* \@twocolumnfalse
* \@twosidefalse
* \@mparswitchfalse
* \@reversemarginfalse
* (1in=72.27pt=25.4mm, 1cm=28.453pt)

LaTeX Font Info:    Trying to load font information for OT1+lmr on input line 7
3.

(c:/Users/daniel.carpenter/AppData/Roaming/TinyTeX/texmf-dist/tex/latex/lm/ot1l
mr.fd
File: ot1lmr.fd 2009/10/30 v1.6 Font defs for Latin Modern
)
LaTeX Font Info:    Trying to load font information for OML+lmm on input line 7
3.

(c:/Users/daniel.carpenter/AppData/Roaming/TinyTeX/texmf-dist/tex/latex/lm/omll
mm.fd
File: omllmm.fd 2009/10/30 v1.6 Font defs for Latin Modern
)
LaTeX Font Info:    Trying to load font information for OMS+lmsy on input line 
73.

(c:/Users/daniel.carpenter/AppData/Roaming/TinyTeX/texmf-dist/tex/latex/lm/omsl
msy.fd
File: omslmsy.fd 2009/10/30 v1.6 Font defs for Latin Modern
)
LaTeX Font Info:    Trying to load font information for OMX+lmex on input line 
73.

(c:/Users/daniel.carpenter/AppData/Roaming/TinyTeX/texmf-dist/tex/latex/lm/omxl
mex.fd
File: omxlmex.fd 2009/10/30 v1.6 Font defs for Latin Modern
)
LaTeX Font Info:    External font `lmex10' loaded for size
(Font)              <14.4> on input line 73.
LaTeX Font Info:    External font `lmex10' loaded for size
(Font)              <10> on input line 73.
LaTeX Font Info:    External font `lmex10' loaded for size
(Font)              <7> on input line 73.
LaTeX Font Info:    Trying to load font information for U+msa on input line 73.


(c:/Users/daniel.carpenter/AppData/Roaming/TinyTeX/texmf-dist/tex/latex/amsfont
s/umsa.fd
File: umsa.fd 2013/01/14 v3.01 AMS symbols A
)
LaTeX Font Info:    Trying to load font information for U+msb on input line 73.


(c:/Users/daniel.carpenter/AppData/Roaming/TinyTeX/texmf-dist/tex/latex/amsfont
s/umsb.fd
File: umsb.fd 2013/01/14 v3.01 AMS symbols B
) (./Homework1_PDF.toc
LaTeX Font Info:    Trying to load font information for T1+lmtt on input line 1
.

(c:/Users/daniel.carpenter/AppData/Roaming/TinyTeX/texmf-dist/tex/latex/lm/t1lm
tt.fd
File: t1lmtt.fd 2009/10/30 v1.6 Font defs for Latin Modern
)
LaTeX Font Info:    Font shape `T1/lmtt/bx/n' in size <12> not available
(Font)              Font shape `T1/lmtt/b/n' tried instead on input line 1.
LaTeX Font Info:    External font `lmex10' loaded for size
(Font)              <12> on input line 4.
LaTeX Font Info:    External font `lmex10' loaded for size
(Font)              <8> on input line 4.
LaTeX Font Info:    External font `lmex10' loaded for size
(Font)              <6> on input line 4.
)
\tf@toc=\write4
\openout4 = `Homework1_PDF.toc'.

[1

{c:/Users/daniel.carpenter/AppData/Roaming/TinyTeX/texmf-var/fonts/map/pdftex/u
pdmap/pdftex.map}]
LaTeX Font Info:    Font shape `T1/lmtt/bx/n' in size <17.28> not available
(Font)              Font shape `T1/lmtt/b/n' tried instead on input line 82.
<Output_Images/problem1.1.jpg, id=115, 722.7pt x 723.45282pt>
File: Output_Images/problem1.1.jpg Graphic file (type jpg)
<use Output_Images/problem1.1.jpg>
Package pdftex.def Info: Output_Images/problem1.1.jpg  used on input line 88.
(pdftex.def)             Requested size: 469.76045pt x 470.2498pt.
<Output_Images/problem1.2.jpeg, id=116, 1367.1075pt x 1323.44438pt>
File: Output_Images/problem1.2.jpeg Graphic file (type jpg)
<use Output_Images/problem1.2.jpeg>
Package pdftex.def Info: Output_Images/problem1.2.jpeg  used on input line 94.
(pdftex.def)             Requested size: 469.7543pt x 454.75114pt.
<Output_Images/problem2.jpg, id=117, 709.90219pt x 685.8122pt>
File: Output_Images/problem2.jpg Graphic file (type jpg)
<use Output_Images/problem2.jpg>
Package pdftex.def Info: Output_Images/problem2.jpg  used on input line 108.
(pdftex.def)             Requested size: 469.77176pt x 453.83043pt.
LaTeX Font Info:    Font shape `T1/lmtt/bx/n' in size <14.4> not available
(Font)              Font shape `T1/lmtt/b/n' tried instead on input line 119.
LaTeX Font Info:    Trying to load font information for TS1+lmr on input line 1
36.

(c:/Users/daniel.carpenter/AppData/Roaming/TinyTeX/texmf-dist/tex/latex/lm/ts1l
mr.fd
File: ts1lmr.fd 2009/10/30 v1.6 Font defs for Latin Modern
)
Overfull \hbox (41.40965pt too wide) detected at line 141
\OML/lmm/m/it/12 Maximize Z \OT1/lmr/m/n/12 = (0\OML/lmm/m/it/12 :\OT1/lmr/m/n/
12 043 \OMS/lmsy/m/n/12 ^^B \OML/lmm/m/it/12 bondA\OT1/lmr/m/n/12 ) + (0\OML/lm
m/m/it/12 :\OT1/lmr/m/n/12 027 \OMS/lmsy/m/n/12 ^^B \OML/lmm/m/it/12 bondB\OT1/
lmr/m/n/12 ) + (0\OML/lmm/m/it/12 :\OT1/lmr/m/n/12 025 \OMS/lmsy/m/n/12 ^^B \OM
L/lmm/m/it/12 bondC\OT1/lmr/m/n/12 ) + (0\OML/lmm/m/it/12 :\OT1/lmr/m/n/12 022 
\OMS/lmsy/m/n/12 ^^B \OML/lmm/m/it/12 bondD\OT1/lmr/m/n/12 ) + (0\OML/lmm/m/it/
12 :\OT1/lmr/m/n/12 045 \OMS/lmsy/m/n/12 ^^B \OML/lmm/m/it/12 bondE\OT1/lmr/m/n
/12 )
 []

[2] [3 <./Output_Images/problem1.1.jpg>] [4 <./Output_Images/problem1.2.jpeg>] 
[5 <./Output_Images/problem2.jpg>]
<Output_Images/codeProblem3.png, id=151, 611.28375pt x 662.475pt>
File: Output_Images/codeProblem3.png Graphic file (type png)
<use Output_Images/codeProblem3.png>
Package pdftex.def Info: Output_Images/codeProblem3.png  used on input line 170
.
(pdftex.def)             Requested size: 469.74788pt x 509.08636pt.
<Output_Images/outputProblem3.png, id=153, 460.72125pt x 227.34938pt>
File: Output_Images/outputProblem3.png Graphic file (type png)
<use Output_Images/outputProblem3.png>
Package pdftex.def Info: Output_Images/outputProblem3.png  used on input line 1
79.
(pdftex.def)             Requested size: 460.72012pt x 227.34882pt.

Underfull \hbox (badness 10000) in paragraph at lines 218--219

 []

[6] [7 <./Output_Images/codeProblem3.png>]
Underfull \hbox (badness 10000) in paragraph at lines 223--225

 []

<Output_Images/codeProblem4a.png, id=179, 550.30594pt x 645.91313pt>
File: Output_Images/codeProblem4a.png Graphic file (type png)
<use Output_Images/codeProblem4a.png>
Package pdftex.def Info: Output_Images/codeProblem4a.png  used on input line 23
4.
(pdftex.def)             Requested size: 469.76913pt x 551.38431pt.
<Output_Images/group10_HW1_p4a.txt OUTPUT.png, id=180, 500.62032pt x 245.41687p
t>
File: Output_Images/group10_HW1_p4a.txt OUTPUT.png Graphic file (type png)
<use Output_Images/group10_HW1_p4a.txt OUTPUT.png>
Package pdftex.def Info: Output_Images/group10_HW1_p4a.txt OUTPUT.png  used on 
input line 243.
(pdftex.def)             Requested size: 469.77345pt x 230.29494pt.
<Output_Images/problem4a.1.jpg, id=181, 1877.0125pt x 2420.04124pt>
File: Output_Images/problem4a.1.jpg Graphic file (type jpg)
<use Output_Images/problem4a.1.jpg>
Package pdftex.def Info: Output_Images/problem4a.1.jpg  used on input line 254.

(pdftex.def)             Requested size: 469.73888pt x 605.63658pt.

Underfull \hbox (badness 10000) in paragraph at lines 267--270

 []

<Output_Images/codeProblem4b.png, id=182, 562.35094pt x 700.86844pt>
File: Output_Images/codeProblem4b.png Graphic file (type png)
<use Output_Images/codeProblem4b.png>
Package pdftex.def Info: Output_Images/codeProblem4b.png  used on input line 27
9.
(pdftex.def)             Requested size: 469.75443pt x 585.4637pt.
[8 <./Output_Images/outputProblem3.png>] [9 <./Output_Images/codeProblem4a.png>
]
<Output_Images/group10_HW1_p4b.txt OUTPUT.png, id=206, 475.02469pt x 251.43938p
t>
File: Output_Images/group10_HW1_p4b.txt OUTPUT.png Graphic file (type png)
<use Output_Images/group10_HW1_p4b.txt OUTPUT.png>
Package pdftex.def Info: Output_Images/group10_HW1_p4b.txt OUTPUT.png  used on 
input line 288.
(pdftex.def)             Requested size: 469.77574pt x 248.66101pt.
[10 <./Output_Images/group10_HW1_p4a.txt OUTPUT.png>] [11 <./Output_Images/prob
lem4a.1.jpg>] [12 <./Output_Images/codeProblem4b.png>]
Underfull \hbox (badness 10000) in paragraph at lines 330--332

 []


Underfull \hbox (badness 10000) in paragraph at lines 336--339

 []

<Output_Images/codeProblem4c.png, id=235, 566.115pt x 731.73375pt>
File: Output_Images/codeProblem4c.png Graphic file (type png)
<use Output_Images/codeProblem4c.png>
Package pdftex.def Info: Output_Images/codeProblem4c.png  used on input line 34
8.
(pdftex.def)             Requested size: 469.76303pt x 607.19371pt.
<Output_Images/group10_HW1_p4c.txt OUTPUT.png, id=236, 482.55281pt x 267.24844p
t>
File: Output_Images/group10_HW1_p4c.txt OUTPUT.png Graphic file (type png)
<use Output_Images/group10_HW1_p4c.txt OUTPUT.png>
Package pdftex.def Info: Output_Images/group10_HW1_p4c.txt OUTPUT.png  used on 
input line 357.
(pdftex.def)             Requested size: 469.76918pt x 260.16858pt.
[13 <./Output_Images/group10_HW1_p4b.txt OUTPUT.png>] [14 <./Output_Images/code
Problem4c.png>]
<Output_Images/codeProblem4d.png, id=258, 558.58687pt x 771.63281pt>
File: Output_Images/codeProblem4d.png Graphic file (type png)
<use Output_Images/codeProblem4d.png>
Package pdftex.def Info: Output_Images/codeProblem4d.png  used on input line 38
4.
(pdftex.def)             Requested size: 469.77231pt x 648.94423pt.

LaTeX Warning: Float too large for page by 25.34753pt on input line 386.

<Output_Images/group10_HW1_p4d.txt OUTPUT.png, id=259, 480.29437pt x 274.02374p
t>
File: Output_Images/group10_HW1_p4d.txt OUTPUT.png Graphic file (type png)
<use Output_Images/group10_HW1_p4d.txt OUTPUT.png>
Package pdftex.def Info: Output_Images/group10_HW1_p4d.txt OUTPUT.png  used on 
input line 393.
(pdftex.def)             Requested size: 469.76184pt x 268.01459pt.
[15 <./Output_Images/group10_HW1_p4c.txt OUTPUT.png>] [16 <./Output_Images/code
Problem4d.png>]
<Output_Images/mathProblem5.png, id=278, 388.45125pt x 200.24812pt>
File: Output_Images/mathProblem5.png Graphic file (type png)
<use Output_Images/mathProblem5.png>
Package pdftex.def Info: Output_Images/mathProblem5.png  used on input line 422
.
(pdftex.def)             Requested size: 388.46213pt x 200.25374pt.
<Output_Images/codeProblem5base.png, id=279, 980.16188pt x 685.05937pt>
File: Output_Images/codeProblem5base.png Graphic file (type png)
<use Output_Images/codeProblem5base.png>
Package pdftex.def Info: Output_Images/codeProblem5base.png  used on input line
 433.
(pdftex.def)             Requested size: 469.75447pt x 328.32301pt.
<Output_Images/codeProblem5a.png, id=280, 1002.74625pt x 703.12688pt>
File: Output_Images/codeProblem5a.png Graphic file (type png)
<use Output_Images/codeProblem5a.png>
Package pdftex.def Info: Output_Images/codeProblem5a.png  used on input line 45
6.
(pdftex.def)             Requested size: 469.76074pt x 329.39679pt.
<Output_Images/outputProblem5a.png, id=281, 445.665pt x 322.20375pt>
File: Output_Images/outputProblem5a.png Graphic file (type png)
<use Output_Images/outputProblem5a.png>
Package pdftex.def Info: Output_Images/outputProblem5a.png  used on input line 
471.
(pdftex.def)             Requested size: 445.6707pt x 322.20787pt.
[17 <./Output_Images/group10_HW1_p4d.txt OUTPUT.png>] [18 <./Output_Images/math
Problem5.png> <./Output_Images/codeProblem5base.png>] [19 <./Output_Images/code
Problem5a.png>]
<Output_Images/codeProblem5b.png, id=315, 895.09406pt x 642.90187pt>
File: Output_Images/codeProblem5b.png Graphic file (type png)
<use Output_Images/codeProblem5b.png>
Package pdftex.def Info: Output_Images/codeProblem5b.png  used on input line 49
8.
(pdftex.def)             Requested size: 469.76752pt x 337.41081pt.
<Output_Images/outputProblem5b.png, id=316, 439.6425pt x 347.79938pt>
File: Output_Images/outputProblem5b.png Graphic file (type png)
<use Output_Images/outputProblem5b.png>
Package pdftex.def Info: Output_Images/outputProblem5b.png  used on input line 
511.
(pdftex.def)             Requested size: 439.65483pt x 347.80913pt.
[20 <./Output_Images/outputProblem5a.png>] [21 <./Output_Images/codeProblem5b.p
ng>] [22 <./Output_Images/outputProblem5b.png>]
<Output_Images/codeProblem5c.png, id=346, 1019.30812pt x 697.8572pt>
File: Output_Images/codeProblem5c.png Graphic file (type png)
<use Output_Images/codeProblem5c.png>
Package pdftex.def Info: Output_Images/codeProblem5c.png  used on input line 53
7.
(pdftex.def)             Requested size: 469.75842pt x 321.61452pt.
<Output_Images/outputProblem5c.png, id=347, 433.62pt x 336.50719pt>
File: Output_Images/outputProblem5c.png Graphic file (type png)
<use Output_Images/outputProblem5c.png>
Package pdftex.def Info: Output_Images/outputProblem5c.png  used on input line 
553.
(pdftex.def)             Requested size: 433.62555pt x 336.51147pt.
[23 <./Output_Images/codeProblem5c.png>] [24 <./Output_Images/outputProblem5c.p
ng>]
<Output_Images/codeProblem5d.png, id=367, 1126.2075pt x 742.27313pt>
File: Output_Images/codeProblem5d.png Graphic file (type png)
<use Output_Images/codeProblem5d.png>
Package pdftex.def Info: Output_Images/codeProblem5d.png  used on input line 57
9.
(pdftex.def)             Requested size: 469.75606pt x 309.61195pt.
<Output_Images/outputProblem5d.png, id=368, 445.665pt x 161.85469pt>
File: Output_Images/outputProblem5d.png Graphic file (type png)
<use Output_Images/outputProblem5d.png>
Package pdftex.def Info: Output_Images/outputProblem5d.png  used on input line 
593.
(pdftex.def)             Requested size: 445.6707pt x 161.85674pt.
<Output_Images/codeProblem5d1.png, id=369, 1149.5447pt x 736.25063pt>
File: Output_Images/codeProblem5d1.png Graphic file (type png)
<use Output_Images/codeProblem5d1.png>
Package pdftex.def Info: Output_Images/codeProblem5d1.png  used on input line 6
02.
(pdftex.def)             Requested size: 469.75526pt x 300.86485pt.
[25 <./Output_Images/codeProblem5d.png>] [26 <./Output_Images/outputProblem5d.p
ng> <./Output_Images/codeProblem5d1.png>]
<Output_Images/outputProblem5d1.png, id=392, 353.82187pt x 170.13562pt>
File: Output_Images/outputProblem5d1.png Graphic file (type png)
<use Output_Images/outputProblem5d1.png>
Package pdftex.def Info: Output_Images/outputProblem5d1.png  used on input line
 616.
(pdftex.def)             Requested size: 353.82639pt x 170.13779pt.
<Output_Images/codeProblem5e.png, id=393, 1120.185pt x 684.30656pt>
File: Output_Images/codeProblem5e.png Graphic file (type png)
<use Output_Images/codeProblem5e.png>
Package pdftex.def Info: Output_Images/codeProblem5e.png  used on input line 63
5.
(pdftex.def)             Requested size: 469.7566pt x 286.96825pt.
<Output_Images/outputProblem5e.png, id=394, 386.94562pt x 161.10187pt>
File: Output_Images/outputProblem5e.png Graphic file (type png)
<use Output_Images/outputProblem5e.png>
Package pdftex.def Info: Output_Images/outputProblem5e.png  used on input line 
644.
(pdftex.def)             Requested size: 386.95056pt x 161.10393pt.
[27 <./Output_Images/outputProblem5d1.png>] [28 <./Output_Images/codeProblem5e.
png> <./Output_Images/outputProblem5e.png>]
Overfull \hbox (41.40965pt too wide) detected at line 680
\OML/lmm/m/it/12 Maximize Z \OT1/lmr/m/n/12 = (0\OML/lmm/m/it/12 :\OT1/lmr/m/n/
12 043 \OMS/lmsy/m/n/12 ^^B \OML/lmm/m/it/12 bondA\OT1/lmr/m/n/12 ) + (0\OML/lm
m/m/it/12 :\OT1/lmr/m/n/12 027 \OMS/lmsy/m/n/12 ^^B \OML/lmm/m/it/12 bondB\OT1/
lmr/m/n/12 ) + (0\OML/lmm/m/it/12 :\OT1/lmr/m/n/12 025 \OMS/lmsy/m/n/12 ^^B \OM
L/lmm/m/it/12 bondC\OT1/lmr/m/n/12 ) + (0\OML/lmm/m/it/12 :\OT1/lmr/m/n/12 022 
\OMS/lmsy/m/n/12 ^^B \OML/lmm/m/it/12 bondD\OT1/lmr/m/n/12 ) + (0\OML/lmm/m/it/
12 :\OT1/lmr/m/n/12 045 \OMS/lmsy/m/n/12 ^^B \OML/lmm/m/it/12 bondE\OT1/lmr/m/n
/12 )
 []

<Output_Images/codeProblem6.png, id=419, 520.19344pt x 732.48656pt>
File: Output_Images/codeProblem6.png Graphic file (type png)
<use Output_Images/codeProblem6.png>
Package pdftex.def Info: Output_Images/codeProblem6.png  used on input line 717
.
(pdftex.def)             Requested size: 461.94675pt x 650.46916pt.

LaTeX Warning: Float too large for page by 26.87247pt on input line 719.

<Output_Images/outputProblem6.png, id=420, 553.31718pt x 288.3272pt>
File: Output_Images/outputProblem6.png Graphic file (type png)
<use Output_Images/outputProblem6.png>
Package pdftex.def Info: Output_Images/outputProblem6.png  used on input line 7
26.
(pdftex.def)             Requested size: 469.75615pt x 244.78448pt.
[29] [30 <./Output_Images/codeProblem6.png>] [31 <./Output_Images/outputProblem
6.png>] (./Homework1_PDF.aux)
Package rerunfilecheck Info: File `Homework1_PDF.out' has not changed.
(rerunfilecheck)             Checksum: 30C7F19773BF8347ED297FF10C5FDAB7;2022.
 ) 
Here is how much of TeX's memory you used:
 10402 strings out of 480962
 157586 string characters out of 5905732
 452362 words of memory out of 5000000
 27226 multiletter control sequences out of 15000+600000
 460948 words of font info for 74 fonts, out of 8000000 for 9000
 14 hyphenation exceptions out of 8191
 71i,6n,74p,313b,396s stack positions out of 5000i,500n,10000p,200000b,80000s
{c:/Users/daniel.carpenter/AppData/Roaming/TinyTeX/texmf-dist/fonts/enc/dvips
/lm/lm-mathsy.enc}{c:/Users/daniel.carpenter/AppData/Roaming/TinyTeX/texmf-dist
/fonts/enc/dvips/lm/lm-mathit.enc}{c:/Users/daniel.carpenter/AppData/Roaming/Ti
nyTeX/texmf-dist/fonts/enc/dvips/lm/lm-mathex.enc}{c:/Users/daniel.carpenter/Ap
pData/Roaming/TinyTeX/texmf-dist/fonts/enc/dvips/lm/lm-ec.enc}{c:/Users/daniel.
carpenter/AppData/Roaming/TinyTeX/texmf-dist/fonts/enc/dvips/lm/lm-rm.enc}{c:/U
sers/daniel.carpenter/AppData/Roaming/TinyTeX/texmf-dist/fonts/enc/dvips/lm/lm-
ts1.enc}<c:/Users/daniel.carpenter/AppData/Roaming/TinyTeX/texmf-dist/fonts/typ
e1/public/lm/lmbx12.pfb><c:/Users/daniel.carpenter/AppData/Roaming/TinyTeX/texm
f-dist/fonts/type1/public/lm/lmex10.pfb><c:/Users/daniel.carpenter/AppData/Roam
ing/TinyTeX/texmf-dist/fonts/type1/public/lm/lmmi12.pfb><c:/Users/daniel.carpen
ter/AppData/Roaming/TinyTeX/texmf-dist/fonts/type1/public/lm/lmmi8.pfb><c:/User
s/daniel.carpenter/AppData/Roaming/TinyTeX/texmf-dist/fonts/type1/public/lm/lmr
12.pfb><c:/Users/daniel.carpenter/AppData/Roaming/TinyTeX/texmf-dist/fonts/type
1/public/lm/lmr17.pfb><c:/Users/daniel.carpenter/AppData/Roaming/TinyTeX/texmf-
dist/fonts/type1/public/lm/lmri12.pfb><c:/Users/daniel.carpenter/AppData/Roamin
g/TinyTeX/texmf-dist/fonts/type1/public/lm/lmsy10.pfb><c:/Users/daniel.carpente
r/AppData/Roaming/TinyTeX/texmf-dist/fonts/type1/public/lm/lmsy8.pfb><c:/Users/
daniel.carpenter/AppData/Roaming/TinyTeX/texmf-dist/fonts/type1/public/lm/lmtk1
0.pfb><c:/Users/daniel.carpenter/AppData/Roaming/TinyTeX/texmf-dist/fonts/type1
/public/lm/lmtt12.pfb><c:/Users/daniel.carpenter/AppData/Roaming/TinyTeX/texmf-
dist/fonts/type1/public/amsfonts/symbols/msbm10.pfb>
Output written on Homework1_PDF.pdf (31 pages, 2963506 bytes).
PDF statistics:
 541 PDF objects out of 1000 (max. 8388607)
 435 compressed objects within 5 object streams
 195 named destinations out of 1000 (max. 500000)
 311 words of extra memory for PDF output out of 10000 (max. 10000000)

